<?xml version="1.0" encoding="UTF-8"?>
<testsuite xmlns:xsi="http://www.w3.org/2001/XMLSchema-instance" xsi:noNamespaceSchemaLocation="https://maven.apache.org/surefire/maven-surefire-plugin/xsd/surefire-test-report.xsd" name="com.hackerRankApiTest.com.restApiTest.ApplicationTests" time="17.606" tests="9" errors="0" skipped="0" failures="0">
  <properties>
[...]
</properties>
  <testcase name="test1SwagJson" classname="com.hackerRankApiTest.com.restApiTest.ApplicationTests" time="1.629"/>
  <testcase name="test2AddNewPet" classname="com.hackerRankApiTest.com.restApiTest.ApplicationTests" time="1.802"/>
  <testcase name="test3GetPetById" classname="com.hackerRankApiTest.com.restApiTest.ApplicationTests" time="0.754"/>
  <testcase name="test4GetPetByStatus" classname="com.hackerRankApiTest.com.restApiTest.ApplicationTests" time="3.037"/>
  <testcase name="test5UpdatePetById" classname="com.hackerRankApiTest.com.restApiTest.ApplicationTests" time="0.299"/>
  <testcase name="test6UpdatePet" classname="com.hackerRankApiTest.com.restApiTest.ApplicationTests" time="0.753"/>
  <testcase name="test7AddNewImage" classname="com.hackerRankApiTest.com.restApiTest.ApplicationTests" time="0.806"/>
  <testcase name="test8DeletePetById" classname="com.hackerRankApiTest.com.restApiTest.ApplicationTests" time="0.253"/>
  <testcase name="test9AddPetByObject" classname="com.hackerRankApiTest.com.restApiTest.ApplicationTests" time="0.834"/>
</testsuite>